2017-12-31 14:16:35,409 INFO  [Log] **************************************************************************************** 
2017-12-31 14:16:35,410 INFO  [Log] **************************************************************************************** 
2017-12-31 14:16:35,410 INFO  [Log] $$$$$$$$$$$$$$$$$$$$$                 Selenium_Test_001       $$$$$$$$$$$$$$$$$$$$$$$$$ 
2017-12-31 14:16:35,410 INFO  [Log] **************************************************************************************** 
2017-12-31 14:16:35,410 INFO  [Log] **************************************************************************************** 
2017-12-31 14:22:41,841 INFO  [Log] **************************************************************************************** 
2017-12-31 14:22:41,843 INFO  [Log] **************************************************************************************** 
2017-12-31 14:22:41,843 INFO  [Log] $$$$$$$$$$$$$$$$$$$$$                 Selenium_Test_001       $$$$$$$$$$$$$$$$$$$$$$$$$ 
2017-12-31 14:22:41,843 INFO  [Log] **************************************************************************************** 
2017-12-31 14:22:41,843 INFO  [Log] **************************************************************************************** 
2017-12-31 14:22:46,326 INFO  [Log] New driver instantiated 
2017-12-31 14:22:51,209 INFO  [Log]  Email text box located 
2017-12-31 14:22:51,451 INFO  [Log] Enter user name 
2017-12-31 14:22:51,503 INFO  [Log]  next button located 
2017-12-31 14:30:05,869 INFO  [Log] **************************************************************************************** 
2017-12-31 14:30:05,870 INFO  [Log] **************************************************************************************** 
2017-12-31 14:30:05,870 INFO  [Log] $$$$$$$$$$$$$$$$$$$$$                 Selenium_Test_001       $$$$$$$$$$$$$$$$$$$$$$$$$ 
2017-12-31 14:30:05,870 INFO  [Log] **************************************************************************************** 
2017-12-31 14:30:05,870 INFO  [Log] **************************************************************************************** 
2017-12-31 14:31:12,580 INFO  [Log] **************************************************************************************** 
2017-12-31 14:31:12,581 INFO  [Log] **************************************************************************************** 
2017-12-31 14:31:12,581 INFO  [Log] $$$$$$$$$$$$$$$$$$$$$                 Selenium_Test_001       $$$$$$$$$$$$$$$$$$$$$$$$$ 
2017-12-31 14:31:12,582 INFO  [Log] **************************************************************************************** 
2017-12-31 14:31:12,582 INFO  [Log] **************************************************************************************** 
2017-12-31 14:34:24,489 INFO  [Log] **************************************************************************************** 
2017-12-31 14:34:24,490 INFO  [Log] **************************************************************************************** 
2017-12-31 14:34:24,490 INFO  [Log] $$$$$$$$$$$$$$$$$$$$$                 Selenium_Test_001       $$$$$$$$$$$$$$$$$$$$$$$$$ 
2017-12-31 14:34:24,491 INFO  [Log] **************************************************************************************** 
2017-12-31 14:34:24,491 INFO  [Log] **************************************************************************************** 
2017-12-31 14:36:01,009 INFO  [Log] **************************************************************************************** 
2017-12-31 14:36:01,010 INFO  [Log] **************************************************************************************** 
2017-12-31 14:36:01,010 INFO  [Log] $$$$$$$$$$$$$$$$$$$$$                 Selenium_Test_001       $$$$$$$$$$$$$$$$$$$$$$$$$ 
2017-12-31 14:36:01,010 INFO  [Log] **************************************************************************************** 
2017-12-31 14:36:01,011 INFO  [Log] **************************************************************************************** 
2017-12-31 14:37:54,285 INFO  [Log] **************************************************************************************** 
2017-12-31 14:37:54,286 INFO  [Log] **************************************************************************************** 
2017-12-31 14:37:54,286 INFO  [Log] $$$$$$$$$$$$$$$$$$$$$                 Selenium_Test_001       $$$$$$$$$$$$$$$$$$$$$$$$$ 
2017-12-31 14:37:54,286 INFO  [Log] **************************************************************************************** 
2017-12-31 14:37:54,286 INFO  [Log] **************************************************************************************** 
2017-12-31 14:38:03,551 INFO  [Log] New driver instantiated 
2017-12-31 14:38:09,904 INFO  [Log]  Email text box located 
2017-12-31 14:38:10,327 INFO  [Log] Enter user name 
2017-12-31 14:38:10,513 INFO  [Log]  next button located 
2017-12-31 14:38:10,719 INFO  [Log]  press next button 
2017-12-31 14:38:11,639 INFO  [Log]  Password text box located 
2017-12-31 14:38:11,760 INFO  [Log]  enter password 
2017-12-31 14:38:12,113 INFO  [Log]  press login button 
2017-12-31 14:38:21,029 INFO  [Log] Click action is perfomred on Log Out link 
2017-12-31 14:38:31,694 INFO  [Log] New driver instantiated 
2017-12-31 14:38:35,413 INFO  [Log]  Email text box located 
2017-12-31 14:38:35,652 INFO  [Log] Enter user name 
2017-12-31 14:38:35,712 INFO  [Log]  next button located 
2017-12-31 14:38:35,846 INFO  [Log]  press next button 
2017-12-31 14:38:36,714 INFO  [Log]  Password text box located 
2017-12-31 14:38:36,850 INFO  [Log]  enter password 
2017-12-31 14:38:37,126 INFO  [Log]  press login button 
2017-12-31 14:38:55,136 INFO  [Log] New driver instantiated 
2017-12-31 14:38:58,597 INFO  [Log]  Email text box located 
2017-12-31 14:38:58,858 INFO  [Log] Enter user name 
2017-12-31 14:38:58,916 INFO  [Log]  next button located 
2017-12-31 14:38:59,042 INFO  [Log]  press next button 
2017-12-31 14:39:00,398 INFO  [Log]  Password text box located 
2017-12-31 14:39:00,477 INFO  [Log]  enter password 
2017-12-31 14:39:00,630 INFO  [Log]  press login button 
2017-12-31 14:39:09,608 INFO  [Log] Click action is perfomred on Log Out link 
2017-12-31 14:40:46,569 INFO  [Log] **************************************************************************************** 
2017-12-31 14:40:46,570 INFO  [Log] **************************************************************************************** 
2017-12-31 14:40:46,570 INFO  [Log] $$$$$$$$$$$$$$$$$$$$$                 Selenium_Test_001       $$$$$$$$$$$$$$$$$$$$$$$$$ 
2017-12-31 14:40:46,570 INFO  [Log] **************************************************************************************** 
2017-12-31 14:40:46,570 INFO  [Log] **************************************************************************************** 
2017-12-31 14:40:54,634 INFO  [Log] New driver instantiated 
2017-12-31 14:40:58,752 INFO  [Log]  Email text box located 
2017-12-31 14:40:59,018 INFO  [Log] Enter user name 
2017-12-31 14:40:59,111 INFO  [Log]  next button located 
2017-12-31 14:40:59,248 INFO  [Log]  press next button 
2017-12-31 14:41:00,080 INFO  [Log]  Password text box located 
2017-12-31 14:41:00,218 INFO  [Log]  enter password 
2017-12-31 14:41:00,467 INFO  [Log]  press login button 
2017-12-31 14:41:08,768 INFO  [Log] Click action is perfomred on Log Out link 
2017-12-31 14:41:16,266 INFO  [Log] New driver instantiated 
2017-12-31 14:41:19,753 INFO  [Log]  Email text box located 
2017-12-31 14:41:20,056 INFO  [Log] Enter user name 
2017-12-31 14:41:20,121 INFO  [Log]  next button located 
2017-12-31 14:41:20,267 INFO  [Log]  press next button 
2017-12-31 14:41:21,084 INFO  [Log]  Password text box located 
2017-12-31 14:41:21,222 INFO  [Log]  enter password 
2017-12-31 14:41:21,553 INFO  [Log]  press login button 
2017-12-31 14:41:38,632 INFO  [Log] New driver instantiated 
2017-12-31 14:41:42,288 INFO  [Log]  Email text box located 
2017-12-31 14:41:42,549 INFO  [Log] Enter user name 
2017-12-31 14:41:42,599 INFO  [Log]  next button located 
2017-12-31 14:41:42,720 INFO  [Log]  press next button 
2017-12-31 14:41:43,511 INFO  [Log]  Password text box located 
2017-12-31 14:41:43,609 INFO  [Log]  enter password 
2017-12-31 14:41:43,797 INFO  [Log]  press login button 
2017-12-31 14:41:52,226 INFO  [Log] Click action is perfomred on Log Out link 
2017-12-31 14:43:28,861 INFO  [Log] **************************************************************************************** 
2017-12-31 14:43:28,861 INFO  [Log] **************************************************************************************** 
2017-12-31 14:43:28,862 INFO  [Log] $$$$$$$$$$$$$$$$$$$$$                 Selenium_Test_001       $$$$$$$$$$$$$$$$$$$$$$$$$ 
2017-12-31 14:43:28,862 INFO  [Log] **************************************************************************************** 
2017-12-31 14:43:28,862 INFO  [Log] **************************************************************************************** 
2017-12-31 14:43:37,008 INFO  [Log] New driver instantiated 
2017-12-31 14:43:40,615 INFO  [Log]  Email text box located 
2017-12-31 14:43:40,923 INFO  [Log] Enter user name 
2017-12-31 14:43:41,005 INFO  [Log]  next button located 
2017-12-31 14:43:41,144 INFO  [Log]  press next button 
2017-12-31 14:43:42,294 INFO  [Log]  Password text box located 
2017-12-31 14:43:42,404 INFO  [Log]  enter password 
2017-12-31 14:43:42,621 INFO  [Log]  press login button 
2017-12-31 14:43:49,794 INFO  [Log] Click action is perfomred on Log Out link 
2017-12-31 14:43:57,148 INFO  [Log] New driver instantiated 
2017-12-31 14:44:00,792 INFO  [Log]  Email text box located 
2017-12-31 14:44:01,073 INFO  [Log] Enter user name 
2017-12-31 14:44:01,137 INFO  [Log]  next button located 
2017-12-31 14:44:01,272 INFO  [Log]  press next button 
2017-12-31 14:44:02,062 INFO  [Log]  Password text box located 
2017-12-31 14:44:02,186 INFO  [Log]  enter password 
2017-12-31 14:44:02,431 INFO  [Log]  press login button 
2017-12-31 14:44:19,977 INFO  [Log] New driver instantiated 
2017-12-31 14:44:23,280 INFO  [Log]  Email text box located 
2017-12-31 14:44:23,530 INFO  [Log] Enter user name 
2017-12-31 14:44:23,585 INFO  [Log]  next button located 
2017-12-31 14:44:23,701 INFO  [Log]  press next button 
2017-12-31 14:44:24,472 INFO  [Log]  Password text box located 
2017-12-31 14:44:24,572 INFO  [Log]  enter password 
2017-12-31 14:44:24,755 INFO  [Log]  press login button 
2017-12-31 14:44:33,845 INFO  [Log] Click action is perfomred on Log Out link 
2017-12-31 14:49:39,695 INFO  [Log] **************************************************************************************** 
2017-12-31 14:49:39,696 INFO  [Log] **************************************************************************************** 
2017-12-31 14:49:39,696 INFO  [Log] $$$$$$$$$$$$$$$$$$$$$                 Selenium_Test_001       $$$$$$$$$$$$$$$$$$$$$$$$$ 
2017-12-31 14:49:39,696 INFO  [Log] **************************************************************************************** 
2017-12-31 14:49:39,696 INFO  [Log] **************************************************************************************** 
2017-12-31 14:49:47,414 INFO  [Log] New driver instantiated 
2017-12-31 14:49:51,319 INFO  [Log]  Email text box located 
2017-12-31 14:49:51,576 INFO  [Log] Enter user name 
2017-12-31 14:49:51,656 INFO  [Log]  next button located 
2017-12-31 14:49:51,799 INFO  [Log]  press next button 
2017-12-31 14:49:52,896 INFO  [Log]  Password text box located 
2017-12-31 14:49:52,988 INFO  [Log]  enter password 
2017-12-31 14:49:53,162 INFO  [Log]  press login button 
2017-12-31 14:50:01,562 INFO  [Log] Click action is perfomred on Log Out link 
2017-12-31 14:50:08,680 INFO  [Log] New driver instantiated 
2017-12-31 14:50:12,217 INFO  [Log]  Email text box located 
2017-12-31 14:50:12,498 INFO  [Log] Enter user name 
2017-12-31 14:50:12,563 INFO  [Log]  next button located 
2017-12-31 14:50:12,694 INFO  [Log]  press next button 
2017-12-31 14:50:13,813 INFO  [Log]  Password text box located 
2017-12-31 14:50:13,916 INFO  [Log]  enter password 
2017-12-31 14:50:14,124 INFO  [Log]  press login button 
2017-12-31 14:50:31,343 INFO  [Log] New driver instantiated 
2017-12-31 14:50:34,825 INFO  [Log]  Email text box located 
2017-12-31 14:50:35,121 INFO  [Log] Enter user name 
2017-12-31 14:50:35,191 INFO  [Log]  next button located 
2017-12-31 14:50:35,328 INFO  [Log]  press next button 
2017-12-31 14:50:36,125 INFO  [Log]  Password text box located 
2017-12-31 14:50:36,263 INFO  [Log]  enter password 
2017-12-31 14:50:36,483 INFO  [Log]  press login button 
2017-12-31 14:50:44,546 INFO  [Log] Click action is perfomred on Log Out link 
2017-12-31 14:51:30,894 INFO  [Log] **************************************************************************************** 
2017-12-31 14:51:30,895 INFO  [Log] **************************************************************************************** 
2017-12-31 14:51:30,895 INFO  [Log] $$$$$$$$$$$$$$$$$$$$$                 Selenium_Test_001       $$$$$$$$$$$$$$$$$$$$$$$$$ 
2017-12-31 14:51:30,895 INFO  [Log] **************************************************************************************** 
2017-12-31 14:51:30,896 INFO  [Log] **************************************************************************************** 
2017-12-31 14:51:38,003 INFO  [Log] New driver instantiated 
2017-12-31 14:51:41,483 INFO  [Log]  Email text box located 
2017-12-31 14:51:41,759 INFO  [Log] Enter user name 
2017-12-31 14:51:41,836 INFO  [Log]  next button located 
2017-12-31 14:51:41,991 INFO  [Log]  press next button 
2017-12-31 14:51:42,835 INFO  [Log]  Password text box located 
2017-12-31 14:51:42,966 INFO  [Log]  enter password 
2017-12-31 14:55:11,802 INFO  [Log] **************************************************************************************** 
2017-12-31 14:55:11,803 INFO  [Log] **************************************************************************************** 
2017-12-31 14:55:11,803 INFO  [Log] $$$$$$$$$$$$$$$$$$$$$                 Selenium_Test_001       $$$$$$$$$$$$$$$$$$$$$$$$$ 
2017-12-31 14:55:11,803 INFO  [Log] **************************************************************************************** 
2017-12-31 14:55:11,803 INFO  [Log] **************************************************************************************** 
2017-12-31 14:55:16,567 INFO  [Log] New driver instantiated 
2017-12-31 14:55:46,888 INFO  [Log] **************************************************************************************** 
2017-12-31 14:55:46,889 INFO  [Log] **************************************************************************************** 
2017-12-31 14:55:46,889 INFO  [Log] $$$$$$$$$$$$$$$$$$$$$                 Selenium_Test_001       $$$$$$$$$$$$$$$$$$$$$$$$$ 
2017-12-31 14:55:46,889 INFO  [Log] **************************************************************************************** 
2017-12-31 14:55:46,889 INFO  [Log] **************************************************************************************** 
2017-12-31 14:55:54,762 INFO  [Log] New driver instantiated 
2017-12-31 14:56:24,122 INFO  [Log] **************************************************************************************** 
2017-12-31 14:56:24,123 INFO  [Log] **************************************************************************************** 
2017-12-31 14:56:24,123 INFO  [Log] $$$$$$$$$$$$$$$$$$$$$                 Selenium_Test_001       $$$$$$$$$$$$$$$$$$$$$$$$$ 
2017-12-31 14:56:24,124 INFO  [Log] **************************************************************************************** 
2017-12-31 14:56:24,124 INFO  [Log] **************************************************************************************** 
2017-12-31 14:56:35,602 INFO  [Log] New driver instantiated 
2017-12-31 15:00:36,690 INFO  [Log] **************************************************************************************** 
2017-12-31 15:00:36,691 INFO  [Log] **************************************************************************************** 
2017-12-31 15:00:36,691 INFO  [Log] $$$$$$$$$$$$$$$$$$$$$                 Selenium_Test_001       $$$$$$$$$$$$$$$$$$$$$$$$$ 
2017-12-31 15:00:36,691 INFO  [Log] **************************************************************************************** 
2017-12-31 15:00:36,691 INFO  [Log] **************************************************************************************** 
2017-12-31 15:00:47,810 INFO  [Log] New driver instantiated 
2017-12-31 15:05:25,714 INFO  [Log] **************************************************************************************** 
2017-12-31 15:05:25,715 INFO  [Log] **************************************************************************************** 
2017-12-31 15:05:25,715 INFO  [Log] $$$$$$$$$$$$$$$$$$$$$                 Selenium_Test_001       $$$$$$$$$$$$$$$$$$$$$$$$$ 
2017-12-31 15:05:25,715 INFO  [Log] **************************************************************************************** 
2017-12-31 15:05:25,715 INFO  [Log] **************************************************************************************** 
2017-12-31 15:05:37,760 INFO  [Log] New driver instantiated 
2017-12-31 15:05:37,892 INFO  [Log]  Email text box located 
2017-12-31 15:05:38,147 INFO  [Log] Enter user name 
2017-12-31 15:05:38,226 INFO  [Log]  next button located 
2017-12-31 15:05:38,365 INFO  [Log]  press next button 
2017-12-31 15:05:39,509 INFO  [Log]  Password text box located 
2017-12-31 15:05:39,680 INFO  [Log]  enter password 
2017-12-31 15:05:39,897 INFO  [Log]  press login button 
2017-12-31 15:05:48,323 INFO  [Log] Click action is perfomred on Log Out link 
2017-12-31 15:05:59,246 INFO  [Log] New driver instantiated 
2017-12-31 15:05:59,339 INFO  [Log]  Email text box located 
2017-12-31 15:05:59,491 INFO  [Log] Enter user name 
2017-12-31 15:05:59,558 INFO  [Log]  next button located 
2017-12-31 15:05:59,634 INFO  [Log]  press next button 
2017-12-31 15:06:00,881 INFO  [Log]  Password text box located 
2017-12-31 15:06:01,005 INFO  [Log]  enter password 
2017-12-31 15:06:01,262 INFO  [Log]  press login button 
2017-12-31 15:06:22,002 INFO  [Log] New driver instantiated 
2017-12-31 15:06:22,049 INFO  [Log]  Email text box located 
2017-12-31 15:06:22,276 INFO  [Log] Enter user name 
2017-12-31 15:06:22,336 INFO  [Log]  next button located 
2017-12-31 15:06:22,474 INFO  [Log]  press next button 
2017-12-31 15:06:23,314 INFO  [Log]  Password text box located 
2017-12-31 15:06:23,427 INFO  [Log]  enter password 
2017-12-31 15:06:23,621 INFO  [Log]  press login button 
2017-12-31 15:06:31,203 INFO  [Log] Click action is perfomred on Log Out link 
2017-12-31 15:07:32,377 INFO  [Log] **************************************************************************************** 
2017-12-31 15:07:32,378 INFO  [Log] **************************************************************************************** 
2017-12-31 15:07:32,379 INFO  [Log] $$$$$$$$$$$$$$$$$$$$$                 Selenium_Test_001       $$$$$$$$$$$$$$$$$$$$$$$$$ 
2017-12-31 15:07:32,379 INFO  [Log] **************************************************************************************** 
2017-12-31 15:07:32,379 INFO  [Log] **************************************************************************************** 
2017-12-31 15:07:43,714 INFO  [Log] New driver instantiated 
2017-12-31 15:07:43,854 INFO  [Log]  Email text box located 
2017-12-31 15:07:44,112 INFO  [Log] Enter user name 
2017-12-31 15:07:44,182 INFO  [Log]  next button located 
2017-12-31 15:07:44,321 INFO  [Log]  press next button 
2017-12-31 15:07:45,127 INFO  [Log]  Password text box located 
2017-12-31 15:07:45,233 INFO  [Log]  enter password 
2017-12-31 15:07:45,423 INFO  [Log]  press login button 
2017-12-31 15:07:54,508 INFO  [Log] Click action is perfomred on Log Out link 
2017-12-31 15:08:05,649 INFO  [Log] New driver instantiated 
2017-12-31 15:08:05,708 INFO  [Log]  Email text box located 
2017-12-31 15:08:05,956 INFO  [Log] Enter user name 
2017-12-31 15:08:06,014 INFO  [Log]  next button located 
2017-12-31 15:08:06,138 INFO  [Log]  press next button 
2017-12-31 15:08:06,949 INFO  [Log]  Password text box located 
2017-12-31 15:08:07,072 INFO  [Log]  enter password 
2017-12-31 15:08:07,348 INFO  [Log]  press login button 
2017-12-31 15:08:28,708 INFO  [Log] New driver instantiated 
2017-12-31 15:08:28,763 INFO  [Log]  Email text box located 
2017-12-31 15:08:28,999 INFO  [Log] Enter user name 
2017-12-31 15:08:29,058 INFO  [Log]  next button located 
2017-12-31 15:08:29,181 INFO  [Log]  press next button 
2017-12-31 15:08:29,995 INFO  [Log]  Password text box located 
2017-12-31 15:08:30,099 INFO  [Log]  enter password 
2017-12-31 15:08:30,294 INFO  [Log]  press login button 
2017-12-31 15:08:39,532 INFO  [Log] Click action is perfomred on Log Out link 
2017-12-31 15:09:30,278 INFO  [Log] **************************************************************************************** 
2017-12-31 15:09:30,279 INFO  [Log] **************************************************************************************** 
2017-12-31 15:09:30,279 INFO  [Log] $$$$$$$$$$$$$$$$$$$$$                 Selenium_Test_001       $$$$$$$$$$$$$$$$$$$$$$$$$ 
2017-12-31 15:09:30,279 INFO  [Log] **************************************************************************************** 
2017-12-31 15:09:30,279 INFO  [Log] **************************************************************************************** 
2017-12-31 15:09:40,031 INFO  [Log] New driver instantiated 
2017-12-31 15:09:40,134 INFO  [Log]  Email text box located 
2017-12-31 15:09:40,360 INFO  [Log] Enter user name 
2017-12-31 15:09:40,413 INFO  [Log]  next button located 
2017-12-31 15:10:08,638 INFO  [Log] **************************************************************************************** 
2017-12-31 15:10:08,639 INFO  [Log] **************************************************************************************** 
2017-12-31 15:10:08,640 INFO  [Log] $$$$$$$$$$$$$$$$$$$$$                 Selenium_Test_001       $$$$$$$$$$$$$$$$$$$$$$$$$ 
2017-12-31 15:10:08,640 INFO  [Log] **************************************************************************************** 
2017-12-31 15:10:08,640 INFO  [Log] **************************************************************************************** 
2017-12-31 15:10:19,772 INFO  [Log] New driver instantiated 
2017-12-31 15:10:19,903 INFO  [Log]  Email text box located 
2017-12-31 15:10:20,167 INFO  [Log] Enter user name 
2017-12-31 15:10:20,242 INFO  [Log]  next button located 
2017-12-31 15:10:20,393 INFO  [Log]  press next button 
2017-12-31 15:10:21,217 INFO  [Log]  Password text box located 
2017-12-31 15:10:21,322 INFO  [Log]  enter password 
2017-12-31 15:10:21,520 INFO  [Log]  press login button 
2017-12-31 15:10:29,084 INFO  [Log] Click action is perfomred on Log Out link 
2017-12-31 15:10:39,701 INFO  [Log] New driver instantiated 
2017-12-31 15:10:39,756 INFO  [Log]  Email text box located 
2017-12-31 15:10:40,007 INFO  [Log] Enter user name 
2017-12-31 15:10:40,076 INFO  [Log]  next button located 
2017-12-31 15:10:40,221 INFO  [Log]  press next button 
2017-12-31 15:10:41,004 INFO  [Log]  Password text box located 
2017-12-31 15:10:41,107 INFO  [Log]  enter password 
2017-12-31 15:10:41,306 INFO  [Log]  press login button 
2017-12-31 15:11:02,383 INFO  [Log] New driver instantiated 
2017-12-31 15:11:02,452 INFO  [Log]  Email text box located 
2017-12-31 15:11:02,704 INFO  [Log] Enter user name 
2017-12-31 15:11:02,763 INFO  [Log]  next button located 
2017-12-31 15:11:02,884 INFO  [Log]  press next button 
2017-12-31 15:11:03,704 INFO  [Log]  Password text box located 
2017-12-31 15:11:03,818 INFO  [Log]  enter password 
2017-12-31 15:11:04,019 INFO  [Log]  press login button 
2017-12-31 15:11:12,242 INFO  [Log] Click action is perfomred on Log Out link 
2018-01-01 10:12:17,722 INFO  [Log] **************************************************************************************** 
2018-01-01 10:12:17,724 INFO  [Log] **************************************************************************************** 
2018-01-01 10:12:17,724 INFO  [Log] $$$$$$$$$$$$$$$$$$$$$                 Selenium_Test_001       $$$$$$$$$$$$$$$$$$$$$$$$$ 
2018-01-01 10:12:17,724 INFO  [Log] **************************************************************************************** 
2018-01-01 10:12:17,724 INFO  [Log] **************************************************************************************** 
2018-01-01 10:12:31,687 INFO  [Log] New driver instantiated 
2018-01-01 10:12:31,946 INFO  [Log]  Email text box located 
2018-01-01 10:12:32,305 INFO  [Log] Enter user name 
2018-01-01 10:12:32,436 INFO  [Log]  next button located 
2018-01-01 10:12:32,639 INFO  [Log]  press next button 
2018-01-01 10:12:34,285 INFO  [Log]  Password text box located 
2018-01-01 10:12:34,395 INFO  [Log]  enter password 
2018-01-01 10:12:34,586 INFO  [Log]  press login button 
2018-01-01 10:12:44,235 INFO  [Log] Click action is perfomred on Log Out link 
2018-01-01 10:12:55,532 INFO  [Log] New driver instantiated 
2018-01-01 10:12:55,599 INFO  [Log]  Email text box located 
2018-01-01 10:12:55,863 INFO  [Log] Enter user name 
2018-01-01 10:12:55,923 INFO  [Log]  next button located 
2018-01-01 10:12:56,050 INFO  [Log]  press next button 
2018-01-01 10:12:56,825 INFO  [Log]  Password text box located 
2018-01-01 10:12:56,924 INFO  [Log]  enter password 
2018-01-01 10:12:57,095 INFO  [Log]  press login button 
2018-01-01 10:13:18,973 INFO  [Log] New driver instantiated 
2018-01-01 10:13:19,086 INFO  [Log]  Email text box located 
2018-01-01 10:13:19,453 INFO  [Log] Enter user name 
2018-01-01 10:13:19,555 INFO  [Log]  next button located 
2018-01-01 10:13:19,742 INFO  [Log]  press next button 
2018-01-01 10:13:21,184 INFO  [Log]  Password text box located 
2018-01-01 10:13:21,301 INFO  [Log]  enter password 
2018-01-01 10:13:21,568 INFO  [Log]  press login button 
2018-01-01 10:13:30,450 INFO  [Log] Click action is perfomred on Log Out link 
2018-01-01 10:31:37,965 INFO  [Log] **************************************************************************************** 
2018-01-01 10:31:37,966 INFO  [Log] **************************************************************************************** 
2018-01-01 10:31:37,966 INFO  [Log] $$$$$$$$$$$$$$$$$$$$$                 Selenium_Test_001       $$$$$$$$$$$$$$$$$$$$$$$$$ 
2018-01-01 10:31:37,966 INFO  [Log] **************************************************************************************** 
2018-01-01 10:31:37,966 INFO  [Log] **************************************************************************************** 
2018-01-01 10:31:50,032 INFO  [Log] New driver instantiated 
2018-01-01 10:31:50,159 INFO  [Log]  Email text box located 
2018-01-01 10:31:50,432 INFO  [Log] Enter user name 
2018-01-01 10:31:50,511 INFO  [Log]  next button located 
2018-01-01 10:31:50,651 INFO  [Log]  press next button 
2018-01-01 10:31:51,460 INFO  [Log]  Password text box located 
2018-01-01 10:31:51,607 INFO  [Log]  enter password 
2018-01-01 10:31:51,741 INFO  [Log]  login button located 
2018-01-01 10:31:51,869 INFO  [Log]  press login button 
2018-01-01 10:31:57,654 INFO  [Log]  my account button located 
2018-01-01 10:31:58,522 INFO  [Log]  my account button located 
2018-01-01 10:31:58,732 INFO  [Log]  account button click  
2018-01-01 10:31:59,117 INFO  [Log] logout button located 
2018-01-01 10:31:59,242 INFO  [Log] logout button  click 
2018-01-01 10:31:59,251 INFO  [Log] Click action is perfomred on Log Out link 
2018-01-01 10:32:10,252 INFO  [Log] New driver instantiated 
2018-01-01 10:32:10,331 INFO  [Log]  Email text box located 
2018-01-01 10:32:10,579 INFO  [Log] Enter user name 
2018-01-01 10:32:10,639 INFO  [Log]  next button located 
2018-01-01 10:32:10,770 INFO  [Log]  press next button 
2018-01-01 10:32:12,116 INFO  [Log]  Password text box located 
2018-01-01 10:32:12,221 INFO  [Log]  enter password 
2018-01-01 10:32:12,288 INFO  [Log]  login button located 
2018-01-01 10:32:12,383 INFO  [Log]  press login button 
2018-01-01 10:32:33,371 INFO  [Log] New driver instantiated 
2018-01-01 10:32:33,434 INFO  [Log]  Email text box located 
2018-01-01 10:32:33,711 INFO  [Log] Enter user name 
2018-01-01 10:32:33,771 INFO  [Log]  next button located 
2018-01-01 10:32:33,904 INFO  [Log]  press next button 
2018-01-01 10:32:34,725 INFO  [Log]  Password text box located 
2018-01-01 10:32:34,856 INFO  [Log]  enter password 
2018-01-01 10:32:34,962 INFO  [Log]  login button located 
2018-01-01 10:32:35,082 INFO  [Log]  press login button 
2018-01-01 10:32:40,990 INFO  [Log]  my account button located 
2018-01-01 10:32:41,638 INFO  [Log]  my account button located 
2018-01-01 10:32:41,748 INFO  [Log]  account button click  
2018-01-01 10:32:43,480 INFO  [Log] logout button located 
2018-01-01 10:32:43,716 INFO  [Log] logout button  click 
2018-01-01 10:32:43,723 INFO  [Log] Click action is perfomred on Log Out link 
2018-01-11 22:02:17,269 INFO  [Log] **************************************************************************************** 
2018-01-11 22:02:17,270 INFO  [Log] **************************************************************************************** 
2018-01-11 22:02:17,270 INFO  [Log] $$$$$$$$$$$$$$$$$$$$$                 Selenium_Test_001       $$$$$$$$$$$$$$$$$$$$$$$$$ 
2018-01-11 22:02:17,270 INFO  [Log] **************************************************************************************** 
2018-01-11 22:02:17,270 INFO  [Log] **************************************************************************************** 
2018-01-11 22:02:29,062 INFO  [Log] New driver instantiated 
2018-01-11 22:02:29,311 INFO  [Log]  Email text box located 
2018-01-11 22:02:29,578 INFO  [Log] Enter user name 
2018-01-11 22:02:29,659 INFO  [Log]  next button located 
2018-01-11 22:02:29,789 INFO  [Log]  press next button 
2018-01-11 22:02:30,610 INFO  [Log]  Password text box located 
2018-01-11 22:02:30,720 INFO  [Log]  enter password 
2018-01-11 22:02:30,809 INFO  [Log]  login button located 
2018-01-11 22:02:30,905 INFO  [Log]  press login button 
2018-01-11 22:02:36,890 INFO  [Log]  my account button located 
2018-01-11 22:02:37,739 INFO  [Log]  my account button located 
2018-01-11 22:02:38,060 INFO  [Log]  account button click  
2018-01-11 22:02:38,455 INFO  [Log] logout button located 
2018-01-11 22:02:38,602 INFO  [Log] logout button  click 
2018-01-11 22:02:38,610 INFO  [Log] Click action is perfomred on Log Out link 
2018-01-11 22:02:51,077 INFO  [Log] New driver instantiated 
2018-01-11 22:02:51,169 INFO  [Log]  Email text box located 
2018-01-11 22:02:51,419 INFO  [Log] Enter user name 
2018-01-11 22:02:51,496 INFO  [Log]  next button located 
2018-01-11 22:02:51,625 INFO  [Log]  press next button 
2018-01-11 22:02:52,627 INFO  [Log]  Password text box located 
2018-01-11 22:02:52,738 INFO  [Log]  enter password 
2018-01-11 22:02:52,859 INFO  [Log]  login button located 
2018-01-11 22:02:53,010 INFO  [Log]  press login button 
2018-01-11 22:03:14,124 INFO  [Log] New driver instantiated 
2018-01-11 22:03:14,178 INFO  [Log]  Email text box located 
2018-01-11 22:03:14,448 INFO  [Log] Enter user name 
2018-01-11 22:03:14,508 INFO  [Log]  next button located 
2018-01-11 22:03:14,641 INFO  [Log]  press next button 
2018-01-11 22:03:15,479 INFO  [Log]  Password text box located 
2018-01-11 22:03:15,613 INFO  [Log]  enter password 
2018-01-11 22:03:15,725 INFO  [Log]  login button located 
2018-01-11 22:03:15,868 INFO  [Log]  press login button 
2018-01-11 22:03:21,808 INFO  [Log]  my account button located 
2018-01-11 22:03:22,752 INFO  [Log]  my account button located 
2018-01-11 22:03:23,045 INFO  [Log]  account button click  
2018-01-11 22:03:23,322 INFO  [Log] logout button located 
2018-01-11 22:03:23,475 INFO  [Log] logout button  click 
2018-01-11 22:03:23,486 INFO  [Log] Click action is perfomred on Log Out link 
2018-01-13 09:55:21,153 INFO  [Log] **************************************************************************************** 
2018-01-13 09:55:21,154 INFO  [Log] **************************************************************************************** 
2018-01-13 09:55:21,154 INFO  [Log] $$$$$$$$$$$$$$$$$$$$$                 Selenium_Test_001       $$$$$$$$$$$$$$$$$$$$$$$$$ 
2018-01-13 09:55:21,154 INFO  [Log] **************************************************************************************** 
2018-01-13 09:55:21,154 INFO  [Log] **************************************************************************************** 
2018-01-13 09:55:34,552 INFO  [Log] New driver instantiated 
2018-01-13 09:55:34,785 INFO  [Log]  Email text box located 
2018-01-13 09:55:35,140 INFO  [Log] Enter user name 
2018-01-13 09:55:35,263 INFO  [Log]  next button located 
2018-01-13 09:55:35,521 INFO  [Log]  press next button 
2018-01-13 09:55:40,836 INFO  [Log]  Password text box located 
2018-01-13 09:55:40,971 INFO  [Log]  enter password 
2018-01-13 09:55:41,053 INFO  [Log]  login button located 
2018-01-13 09:55:41,239 INFO  [Log]  press login button 
2018-01-13 09:55:47,820 INFO  [Log]  my account button located 
2018-01-13 09:55:48,954 INFO  [Log]  my account button located 
2018-01-13 09:55:49,314 INFO  [Log]  account button click  
2018-01-13 09:55:49,640 INFO  [Log] logout button located 
2018-01-13 09:55:49,821 INFO  [Log] logout button  click 
2018-01-13 09:55:49,832 INFO  [Log] Click action is perfomred on Log Out link 
2018-01-13 09:56:13,155 INFO  [Log] New driver instantiated 
2018-01-13 09:56:13,266 INFO  [Log]  Email text box located 
2018-01-13 09:56:13,626 INFO  [Log] Enter user name 
2018-01-13 09:56:14,274 INFO  [Log]  next button located 
2018-01-13 09:56:14,401 INFO  [Log]  press next button 
2018-01-13 09:56:15,872 INFO  [Log]  Password text box located 
2018-01-13 09:56:15,995 INFO  [Log]  enter password 
2018-01-13 09:56:16,073 INFO  [Log]  login button located 
2018-01-13 09:56:16,217 INFO  [Log]  press login button 
2018-01-13 09:56:38,053 INFO  [Log] New driver instantiated 
2018-01-13 09:56:38,147 INFO  [Log]  Email text box located 
2018-01-13 09:56:38,497 INFO  [Log] Enter user name 
2018-01-13 09:56:38,581 INFO  [Log]  next button located 
2018-01-13 09:56:38,766 INFO  [Log]  press next button 
2018-01-13 09:56:40,202 INFO  [Log]  Password text box located 
2018-01-13 09:56:40,411 INFO  [Log]  enter password 
2018-01-13 09:56:40,534 INFO  [Log]  login button located 
2018-01-13 09:56:40,714 INFO  [Log]  press login button 
2018-01-13 09:56:47,405 INFO  [Log]  my account button located 
2018-01-13 09:56:48,649 INFO  [Log]  my account button located 
2018-01-13 09:56:48,918 INFO  [Log]  account button click  
2018-01-13 09:56:49,219 INFO  [Log] logout button located 
2018-01-13 09:56:49,563 INFO  [Log] logout button  click 
2018-01-13 09:56:49,570 INFO  [Log] Click action is perfomred on Log Out link 
2018-01-13 23:26:32,532 INFO  [Log] **************************************************************************************** 
2018-01-13 23:26:32,532 INFO  [Log] **************************************************************************************** 
2018-01-13 23:26:32,532 INFO  [Log] $$$$$$$$$$$$$$$$$$$$$                 Selenium_Test_001       $$$$$$$$$$$$$$$$$$$$$$$$$ 
2018-01-13 23:26:32,532 INFO  [Log] **************************************************************************************** 
2018-01-13 23:26:32,532 INFO  [Log] **************************************************************************************** 
2018-01-13 23:26:42,859 INFO  [Log] New driver instantiated 
2018-01-13 23:26:43,064 INFO  [Log]  Email text box located 
2018-01-13 23:26:43,333 INFO  [Log] Enter user name 
2018-01-13 23:26:43,413 INFO  [Log]  next button located 
2018-01-13 23:26:43,541 INFO  [Log]  press next button 
2018-01-13 23:26:44,707 INFO  [Log]  Password text box located 
2018-01-13 23:26:44,801 INFO  [Log]  enter password 
2018-01-13 23:26:44,882 INFO  [Log]  login button located 
2018-01-13 23:26:44,990 INFO  [Log]  press login button 
2018-01-13 23:26:51,328 INFO  [Log]  my account button located 
2018-01-13 23:26:52,057 INFO  [Log]  my account button located 
2018-01-13 23:26:52,251 INFO  [Log]  account button click  
2018-01-13 23:26:53,976 INFO  [Log] logout button located 
2018-01-13 23:26:54,107 INFO  [Log] logout button  click 
2018-01-13 23:26:54,115 INFO  [Log] Click action is perfomred on Log Out link 
2018-01-13 23:27:04,646 INFO  [Log] New driver instantiated 
2018-01-13 23:27:04,725 INFO  [Log]  Email text box located 
2018-01-13 23:27:04,995 INFO  [Log] Enter user name 
2018-01-13 23:27:05,054 INFO  [Log]  next button located 
2018-01-13 23:27:05,176 INFO  [Log]  press next button 
2018-01-13 23:27:05,974 INFO  [Log]  Password text box located 
2018-01-13 23:27:06,080 INFO  [Log]  enter password 
2018-01-13 23:27:06,181 INFO  [Log]  login button located 
2018-01-13 23:27:06,302 INFO  [Log]  press login button 
2018-01-13 23:27:26,784 INFO  [Log] New driver instantiated 
2018-01-13 23:27:26,867 INFO  [Log]  Email text box located 
2018-01-13 23:27:27,155 INFO  [Log] Enter user name 
2018-01-13 23:27:27,222 INFO  [Log]  next button located 
2018-01-13 23:27:27,386 INFO  [Log]  press next button 
2018-01-13 23:27:28,184 INFO  [Log]  Password text box located 
2018-01-13 23:27:28,313 INFO  [Log]  enter password 
2018-01-13 23:27:28,419 INFO  [Log]  login button located 
2018-01-13 23:27:28,555 INFO  [Log]  press login button 
2018-01-13 23:27:34,421 INFO  [Log]  my account button located 
2018-01-13 23:27:35,203 INFO  [Log]  my account button located 
2018-01-13 23:27:35,385 INFO  [Log]  account button click  
2018-01-13 23:27:36,203 INFO  [Log] logout button located 
2018-01-13 23:27:36,453 INFO  [Log] logout button  click 
2018-01-13 23:27:36,466 INFO  [Log] Click action is perfomred on Log Out link 
2018-01-28 16:52:49,578 INFO  [Log] **************************************************************************************** 
2018-01-28 16:52:49,594 INFO  [Log] **************************************************************************************** 
2018-01-28 16:52:49,595 INFO  [Log] $$$$$$$$$$$$$$$$$$$$$                 Selenium_Test_001       $$$$$$$$$$$$$$$$$$$$$$$$$ 
2018-01-28 16:52:49,595 INFO  [Log] **************************************************************************************** 
2018-01-28 16:52:49,595 INFO  [Log] **************************************************************************************** 
2018-01-28 16:53:21,079 INFO  [Log] New driver instantiated 
2018-01-28 16:53:22,027 INFO  [Log]  Email text box located 
2018-01-28 16:53:22,601 INFO  [Log] Enter user name 
2018-01-28 16:53:22,752 INFO  [Log]  next button located 
2018-01-28 16:53:22,948 INFO  [Log]  press next button 
2018-01-28 16:53:24,324 INFO  [Log]  Password text box located 
2018-01-28 16:53:24,452 INFO  [Log]  enter password 
2018-01-28 16:53:24,555 INFO  [Log]  login button located 
2018-01-28 16:53:24,686 INFO  [Log]  press login button 
2018-01-28 16:53:30,881 INFO  [Log]  my account button located 
2018-01-28 16:53:32,018 INFO  [Log]  my account button located 
2018-01-28 16:53:32,329 INFO  [Log]  account button click  
2018-01-28 16:53:32,762 INFO  [Log] logout button located 
2018-01-28 16:53:32,993 INFO  [Log] logout button  click 
2018-01-28 16:53:33,003 INFO  [Log] Click action is perfomred on Log Out link 
2018-01-28 16:53:47,313 INFO  [Log] New driver instantiated 
2018-01-28 16:53:47,372 INFO  [Log]  Email text box located 
2018-01-28 16:53:47,720 INFO  [Log] Enter user name 
2018-01-28 16:53:47,822 INFO  [Log]  next button located 
2018-01-28 16:53:47,988 INFO  [Log]  press next button 
2018-01-28 16:53:49,197 INFO  [Log]  Password text box located 
2018-01-28 16:53:49,347 INFO  [Log]  enter password 
2018-01-28 16:53:49,466 INFO  [Log]  login button located 
2018-01-28 16:53:49,613 INFO  [Log]  press login button 
2018-01-28 16:54:13,084 INFO  [Log] New driver instantiated 
2018-01-28 16:54:13,145 INFO  [Log]  Email text box located 
2018-01-28 16:54:13,415 INFO  [Log] Enter user name 
2018-01-28 16:54:13,476 INFO  [Log]  next button located 
2018-01-28 16:54:13,615 INFO  [Log]  press next button 
2018-01-28 16:54:14,511 INFO  [Log]  Password text box located 
2018-01-28 16:54:14,646 INFO  [Log]  enter password 
2018-01-28 16:54:14,752 INFO  [Log]  login button located 
2018-01-28 16:54:14,875 INFO  [Log]  press login button 
2018-01-28 16:54:20,717 INFO  [Log]  my account button located 
2018-01-28 16:54:21,726 INFO  [Log]  my account button located 
2018-01-28 16:54:21,886 INFO  [Log]  account button click  
2018-01-28 16:54:23,453 INFO  [Log] logout button located 
2018-01-28 16:54:23,620 INFO  [Log] logout button  click 
2018-01-28 16:54:23,641 INFO  [Log] Click action is perfomred on Log Out link 
2018-01-28 16:55:38,518 INFO  [Log] **************************************************************************************** 
2018-01-28 16:55:38,519 INFO  [Log] **************************************************************************************** 
2018-01-28 16:55:38,520 INFO  [Log] $$$$$$$$$$$$$$$$$$$$$                 Selenium_Test_001       $$$$$$$$$$$$$$$$$$$$$$$$$ 
2018-01-28 16:55:38,520 INFO  [Log] **************************************************************************************** 
2018-01-28 16:55:38,520 INFO  [Log] **************************************************************************************** 
2018-01-28 16:55:50,205 INFO  [Log] New driver instantiated 
2018-01-28 16:55:50,339 INFO  [Log]  Email text box located 
2018-01-28 16:55:50,648 INFO  [Log] Enter user name 
2018-01-28 16:55:50,741 INFO  [Log]  next button located 
2018-01-28 16:55:50,936 INFO  [Log]  press next button 
2018-01-28 16:55:52,142 INFO  [Log]  Password text box located 
2018-01-28 16:55:52,360 INFO  [Log]  enter password 
2018-01-28 16:55:52,496 INFO  [Log]  login button located 
2018-01-28 16:55:52,654 INFO  [Log]  press login button 
2018-01-28 16:55:58,331 INFO  [Log]  my account button located 
2018-01-28 16:55:59,158 INFO  [Log]  my account button located 
2018-01-28 16:55:59,382 INFO  [Log]  account button click  
2018-01-28 16:55:59,762 INFO  [Log] logout button located 
2018-01-28 16:55:59,990 INFO  [Log] logout button  click 
2018-01-28 16:56:00,001 INFO  [Log] Click action is perfomred on Log Out link 
2018-01-28 16:56:10,715 INFO  [Log] New driver instantiated 
2018-01-28 16:56:10,780 INFO  [Log]  Email text box located 
2018-01-28 16:56:11,064 INFO  [Log] Enter user name 
2018-01-28 16:56:11,149 INFO  [Log]  next button located 
2018-01-28 16:56:11,287 INFO  [Log]  press next button 
2018-01-28 16:56:12,093 INFO  [Log]  Password text box located 
2018-01-28 16:56:12,211 INFO  [Log]  enter password 
2018-01-28 16:56:12,316 INFO  [Log]  login button located 
2018-01-28 16:56:12,457 INFO  [Log]  press login button 
2018-01-28 16:56:34,058 INFO  [Log] New driver instantiated 
2018-01-28 16:56:34,121 INFO  [Log]  Email text box located 
2018-01-28 16:56:34,379 INFO  [Log] Enter user name 
2018-01-28 16:56:34,440 INFO  [Log]  next button located 
2018-01-28 16:56:34,572 INFO  [Log]  press next button 
2018-01-28 16:56:35,373 INFO  [Log]  Password text box located 
2018-01-28 16:56:35,488 INFO  [Log]  enter password 
2018-01-28 16:56:35,576 INFO  [Log]  login button located 
2018-01-28 16:56:35,678 INFO  [Log]  press login button 
2018-01-28 16:56:41,754 INFO  [Log]  my account button located 
2018-01-28 16:56:42,467 INFO  [Log]  my account button located 
2018-01-28 16:56:42,548 INFO  [Log]  account button click  
2018-01-28 16:56:44,121 INFO  [Log] logout button located 
2018-01-28 16:56:44,315 INFO  [Log] logout button  click 
2018-01-28 16:56:44,320 INFO  [Log] Click action is perfomred on Log Out link 
2018-07-18 21:14:36,903 INFO  [Log] **************************************************************************************** 
2018-07-18 21:14:36,926 INFO  [Log] **************************************************************************************** 
2018-07-18 21:14:36,926 INFO  [Log] $$$$$$$$$$$$$$$$$$$$$                 Selenium_Test_001       $$$$$$$$$$$$$$$$$$$$$$$$$ 
2018-07-18 21:14:36,926 INFO  [Log] **************************************************************************************** 
2018-07-18 21:14:36,926 INFO  [Log] **************************************************************************************** 
